/cm/local/apps/slurm/var/spool/job90978/slurm_script: line 13: cd: git/ifg-ssl/: No such file or directory
/home/conradb/.conda/envs/torch/lib/python3.10/site-packages/torch/nn/utils/weight_norm.py:134: FutureWarning: `torch.nn.utils.weight_norm` is deprecated in favor of `torch.nn.utils.parametrizations.weight_norm`.
  WeightNorm.apply(module, name, dim)
Using cuda
saving checkpoint
Epoch 0 loss is 9.194795608520508
Epoch 1 loss is 7.367323398590088
Epoch 2 loss is 7.245309829711914
Epoch 3 loss is 7.856358051300049
Epoch 4 loss is 8.48100757598877
saving checkpoint
Epoch 5 loss is 8.731745719909668
Epoch 6 loss is 8.735302925109863
Epoch 7 loss is 8.721674919128418
Epoch 8 loss is 8.642335891723633
Epoch 9 loss is 8.566497802734375
saving checkpoint
Epoch 10 loss is 8.511425971984863
Epoch 11 loss is 8.410896301269531
Epoch 12 loss is 8.35392951965332
Epoch 13 loss is 8.268400192260742
Epoch 14 loss is 8.194745063781738
saving checkpoint
Epoch 15 loss is 8.161101341247559
Epoch 16 loss is 8.132143020629883
Epoch 17 loss is 8.082996368408203
Epoch 18 loss is 8.092082023620605
Epoch 19 loss is 8.057497024536133
saving checkpoint
Epoch 20 loss is 8.005864143371582
Epoch 21 loss is 7.965080261230469
Epoch 22 loss is 7.92492151260376
Epoch 23 loss is 7.903492450714111
Epoch 24 loss is 7.903768062591553
saving checkpoint
Epoch 25 loss is 7.888859272003174
Epoch 26 loss is 7.8381524085998535
Epoch 27 loss is 7.806589126586914
Epoch 28 loss is 7.76654052734375
Epoch 29 loss is 7.75216007232666
saving checkpoint
Epoch 30 loss is 7.69409704208374
Epoch 31 loss is 7.670871257781982
Epoch 32 loss is 7.584212303161621
Epoch 33 loss is 7.569546222686768
Epoch 34 loss is 7.52773380279541
saving checkpoint
Epoch 35 loss is 7.492789268493652
Epoch 36 loss is 7.414606094360352
Epoch 37 loss is 7.3180060386657715
Epoch 38 loss is 7.284079074859619
Epoch 39 loss is 7.225708961486816
saving checkpoint
Epoch 40 loss is 7.139868259429932
Epoch 41 loss is 7.087866306304932
Epoch 42 loss is 7.030520915985107
Epoch 43 loss is 6.976860523223877
Epoch 44 loss is 6.897109031677246
saving checkpoint
Epoch 45 loss is 6.8243088722229
Epoch 46 loss is 6.763689041137695
Epoch 47 loss is 6.698336124420166
Epoch 48 loss is 6.648430347442627
Epoch 49 loss is 6.5653462409973145
saving checkpoint
Epoch 50 loss is 6.492795467376709
Epoch 51 loss is 6.4254021644592285
Epoch 52 loss is 6.387463092803955
Epoch 53 loss is 6.300050735473633
Epoch 54 loss is 6.254692077636719
saving checkpoint
Epoch 55 loss is 6.170225620269775
Epoch 56 loss is 6.091452121734619
Epoch 57 loss is 6.036864280700684
Epoch 58 loss is 5.9607977867126465
Epoch 59 loss is 5.921621322631836
saving checkpoint
Epoch 60 loss is 5.865692138671875
Epoch 61 loss is 5.790971755981445
Epoch 62 loss is 5.737339496612549
Epoch 63 loss is 5.698785305023193
Epoch 64 loss is 5.641969203948975
saving checkpoint
Epoch 65 loss is 5.5835723876953125
Epoch 66 loss is 5.540487766265869
Epoch 67 loss is 5.477219581604004
Epoch 68 loss is 5.42498254776001
Epoch 69 loss is 5.377204418182373
saving checkpoint
Epoch 70 loss is 5.3253092765808105
Epoch 71 loss is 5.296329498291016
Epoch 72 loss is 5.230510234832764
Epoch 73 loss is 5.2346906661987305
Epoch 74 loss is 5.161035537719727
saving checkpoint
Epoch 75 loss is 5.118243217468262
Epoch 76 loss is 5.074550151824951
Epoch 77 loss is 5.045027256011963
Epoch 78 loss is 4.985810279846191
Epoch 79 loss is 4.942355632781982
saving checkpoint
Epoch 80 loss is 4.896390438079834
Epoch 81 loss is 4.868843078613281
Epoch 82 loss is 4.8438239097595215
Epoch 83 loss is 4.772767066955566
Epoch 84 loss is 4.75033712387085
saving checkpoint
Epoch 85 loss is 4.700931549072266
Epoch 86 loss is 4.6613450050354
Epoch 87 loss is 4.622655868530273
Epoch 88 loss is 4.600271224975586
Epoch 89 loss is 4.556870460510254
saving checkpoint
Epoch 90 loss is 4.507589340209961
Epoch 91 loss is 4.473745346069336
Epoch 92 loss is 4.451787948608398
Epoch 93 loss is 4.386872291564941
Epoch 94 loss is 4.381300449371338
saving checkpoint
Epoch 95 loss is 4.328557968139648
Epoch 96 loss is 4.285146713256836
Epoch 97 loss is 4.274466037750244
Epoch 98 loss is 4.250284671783447
Epoch 99 loss is 4.2008891105651855
saving checkpoint
Epoch 100 loss is 4.168238639831543
Epoch 101 loss is 4.133333683013916
Epoch 102 loss is 4.078360557556152
Epoch 103 loss is 4.0678815841674805
Epoch 104 loss is 4.033181190490723
saving checkpoint
Epoch 105 loss is 3.9913628101348877
Epoch 106 loss is 3.983614683151245
Epoch 107 loss is 3.943690061569214
Epoch 108 loss is 3.915663957595825
Epoch 109 loss is 3.88409161567688
saving checkpoint
Epoch 110 loss is 3.8455421924591064
Epoch 111 loss is 3.804560899734497
Epoch 112 loss is 3.7794580459594727
Epoch 113 loss is 3.7505481243133545
Epoch 114 loss is 3.70859694480896
saving checkpoint
Epoch 115 loss is 3.6943962574005127
Epoch 116 loss is 3.657118558883667
Epoch 117 loss is 3.6240947246551514
Epoch 118 loss is 3.6123476028442383
Epoch 119 loss is 3.5785973072052
saving checkpoint
Epoch 120 loss is 3.548865795135498
Epoch 121 loss is 3.51149582862854
Epoch 122 loss is 3.488676071166992
Epoch 123 loss is 3.4720659255981445
Epoch 124 loss is 3.422121286392212
saving checkpoint
Epoch 125 loss is 3.383110761642456
Epoch 126 loss is 3.361755132675171
Epoch 127 loss is 3.3469760417938232
Epoch 128 loss is 3.3096210956573486
Epoch 129 loss is 3.283163070678711
saving checkpoint
Epoch 130 loss is 3.2666211128234863
Epoch 131 loss is 3.230512857437134
Epoch 132 loss is 3.1965646743774414
Epoch 133 loss is 3.1761999130249023
Epoch 134 loss is 3.166557788848877
saving checkpoint
Epoch 135 loss is 3.152186393737793
Epoch 136 loss is 3.1013925075531006
Epoch 137 loss is 3.0898053646087646
Epoch 138 loss is 3.061497211456299
Epoch 139 loss is 3.0466978549957275
saving checkpoint
Epoch 140 loss is 3.0087509155273438
Epoch 141 loss is 2.9692070484161377
Epoch 142 loss is 2.9607911109924316
Epoch 143 loss is 2.9373619556427
Epoch 144 loss is 2.9045372009277344
saving checkpoint
Epoch 145 loss is 2.9009103775024414
Epoch 146 loss is 2.870452404022217
Epoch 147 loss is 2.850616931915283
Epoch 148 loss is 2.836801052093506
Epoch 149 loss is 2.8161747455596924
saving checkpoint
Epoch 150 loss is 2.7880144119262695
Epoch 151 loss is 2.7776613235473633
Epoch 152 loss is 2.733517646789551
Epoch 153 loss is 2.736165761947632
Epoch 154 loss is 2.712165117263794
saving checkpoint
Epoch 155 loss is 2.686561346054077
Epoch 156 loss is 2.6670963764190674
Epoch 157 loss is 2.646967649459839
Epoch 158 loss is 2.631051778793335
Epoch 159 loss is 2.6228249073028564
saving checkpoint
Epoch 160 loss is 2.6003336906433105
Epoch 161 loss is 2.569193124771118
Epoch 162 loss is 2.5687038898468018
Epoch 163 loss is 2.5618152618408203
Epoch 164 loss is 2.5186777114868164
saving checkpoint
Epoch 165 loss is 2.5173704624176025
Epoch 166 loss is 2.474026918411255
Epoch 167 loss is 2.4572668075561523
Epoch 168 loss is 2.4538772106170654
Epoch 169 loss is 2.439300775527954
saving checkpoint
Epoch 170 loss is 2.432215452194214
Epoch 171 loss is 2.410968065261841
Epoch 172 loss is 2.4098620414733887
Epoch 173 loss is 2.369239568710327
Epoch 174 loss is 2.361985921859741
saving checkpoint
Epoch 175 loss is 2.359914779663086
Epoch 176 loss is 2.345635175704956
Epoch 177 loss is 2.3094024658203125
Epoch 178 loss is 2.3160948753356934
Epoch 179 loss is 2.289388418197632
saving checkpoint
Epoch 180 loss is 2.288318634033203
Epoch 181 loss is 2.2543365955352783
Epoch 182 loss is 2.2447965145111084
Epoch 183 loss is 2.2376015186309814
Epoch 184 loss is 2.22428560256958
saving checkpoint
Epoch 185 loss is 2.2278172969818115
Epoch 186 loss is 2.2032113075256348
Epoch 187 loss is 2.207714080810547
Epoch 188 loss is 2.1758339405059814
Epoch 189 loss is 2.1499407291412354
saving checkpoint
Epoch 190 loss is 2.1534266471862793
Epoch 191 loss is 2.139786958694458
Epoch 192 loss is 2.1370720863342285
Epoch 193 loss is 2.124934434890747
Epoch 194 loss is 2.117439031600952
saving checkpoint
Epoch 195 loss is 2.0986382961273193
Epoch 196 loss is 2.092928171157837
Epoch 197 loss is 2.0854713916778564
Epoch 198 loss is 2.0615453720092773
Epoch 199 loss is 2.0403339862823486
saving checkpoint
Epoch 200 loss is 2.0281569957733154
Epoch 201 loss is 2.0467641353607178
Epoch 202 loss is 2.0362563133239746
Epoch 203 loss is 2.0191516876220703
Epoch 204 loss is 2.00311017036438
saving checkpoint
Epoch 205 loss is 2.0014688968658447
Epoch 206 loss is 1.9838049411773682
Epoch 207 loss is 1.9972892999649048
Epoch 208 loss is 1.9660611152648926
Epoch 209 loss is 1.9541212320327759
saving checkpoint
Epoch 210 loss is 1.9523359537124634
Epoch 211 loss is 1.9529789686203003
Epoch 212 loss is 1.9376435279846191
Epoch 213 loss is 1.9207398891448975
Epoch 214 loss is 1.9061334133148193
saving checkpoint
Epoch 215 loss is 1.8964595794677734
Epoch 216 loss is 1.9037491083145142
Epoch 217 loss is 1.8996412754058838
Epoch 218 loss is 1.8790372610092163
Epoch 219 loss is 1.8698484897613525
saving checkpoint
Epoch 220 loss is 1.884520173072815
Epoch 221 loss is 1.861340045928955
Epoch 222 loss is 1.8546322584152222
Epoch 223 loss is 1.8414654731750488
Epoch 224 loss is 1.824433445930481
saving checkpoint
Epoch 225 loss is 1.8411022424697876
Epoch 226 loss is 1.8196531534194946
Epoch 227 loss is 1.8041749000549316
Epoch 228 loss is 1.8148233890533447
Epoch 229 loss is 1.814207911491394
saving checkpoint
Epoch 230 loss is 1.8194921016693115
Epoch 231 loss is 1.7897239923477173
Epoch 232 loss is 1.792340874671936
Epoch 233 loss is 1.7829853296279907
Epoch 234 loss is 1.790160059928894
saving checkpoint
Epoch 235 loss is 1.7743299007415771
Epoch 236 loss is 1.758877158164978
Epoch 237 loss is 1.766991376876831
Epoch 238 loss is 1.7605935335159302
Epoch 239 loss is 1.7465921640396118
saving checkpoint
Epoch 240 loss is 1.7293033599853516
Epoch 241 loss is 1.7418605089187622
Epoch 242 loss is 1.7240006923675537
Epoch 243 loss is 1.7274062633514404
Epoch 244 loss is 1.7238916158676147
saving checkpoint
Epoch 245 loss is 1.725230097770691
Epoch 246 loss is 1.7066195011138916
Epoch 247 loss is 1.7024776935577393
Epoch 248 loss is 1.7152085304260254
Epoch 249 loss is 1.689003825187683
saving checkpoint
Epoch 250 loss is 1.704311490058899
Epoch 251 loss is 1.6768629550933838
Epoch 252 loss is 1.6887197494506836
Epoch 253 loss is 1.691699743270874
Epoch 254 loss is 1.6903825998306274
saving checkpoint
Epoch 255 loss is 1.6756560802459717
Epoch 256 loss is 1.6790320873260498
Epoch 257 loss is 1.6664856672286987
Epoch 258 loss is 1.6593376398086548
Epoch 259 loss is 1.6606107950210571
saving checkpoint
Epoch 260 loss is 1.6733535528182983
Epoch 261 loss is 1.667175531387329
Epoch 262 loss is 1.649253487586975
Epoch 263 loss is 1.6663297414779663
Epoch 264 loss is 1.6507488489151
saving checkpoint
Epoch 265 loss is 1.6559431552886963
Epoch 266 loss is 1.6610156297683716
Epoch 267 loss is 1.6377217769622803
Epoch 268 loss is 1.629461646080017
Epoch 269 loss is 1.6490800380706787
saving checkpoint
Epoch 270 loss is 1.6456379890441895
Epoch 271 loss is 1.6475178003311157
Epoch 272 loss is 1.632239580154419
Epoch 273 loss is 1.6302624940872192
Epoch 274 loss is 1.6403535604476929
saving checkpoint
Epoch 275 loss is 1.6352695226669312
Epoch 276 loss is 1.6504716873168945
Epoch 277 loss is 1.6374787092208862
Epoch 278 loss is 1.6315739154815674
Epoch 279 loss is 1.6164970397949219
saving checkpoint
Epoch 280 loss is 1.632102131843567
Epoch 281 loss is 1.6291548013687134
Epoch 282 loss is 1.6259901523590088
Epoch 283 loss is 1.626033902168274
Epoch 284 loss is 1.6237517595291138
saving checkpoint
Epoch 285 loss is 1.6105493307113647
Epoch 286 loss is 1.6122227907180786
Epoch 287 loss is 1.6041659116744995
Epoch 288 loss is 1.6122674942016602
Epoch 289 loss is 1.602531909942627
saving checkpoint
Epoch 290 loss is 1.6259398460388184
Epoch 291 loss is 1.6183220148086548
Epoch 292 loss is 1.6091974973678589
Epoch 293 loss is 1.6051534414291382
Epoch 294 loss is 1.6157045364379883
saving checkpoint
Epoch 295 loss is 1.6157995462417603
Epoch 296 loss is 1.6219737529754639
slurmstepd: error: *** JOB 90978 ON gn40 CANCELLED AT 2024-09-15T21:54:10 DUE TO TIME LIMIT ***
